<?xml version="1.0" encoding="UTF-8"?>
<testng-results skipped="0" failed="0" ignored="0" total="1" passed="1">
  <reporter-output>
  </reporter-output>
  <suite name="Default suite" duration-ms="49197" started-at="2020-08-11T10:31:10Z" finished-at="2020-08-11T10:31:59Z">
    <groups>
    </groups>
    <test name="Default test" duration-ms="49197" started-at="2020-08-11T10:31:10Z" finished-at="2020-08-11T10:31:59Z">
      <class name="org.testing.Testscripts.TC1">
        <test-method status="PASS" signature="launchBrowser()[pri:0, instance:org.testing.Testscripts.TC1@11758f2a]" name="launchBrowser" is-config="true" duration-ms="13823" started-at="2020-08-11T10:31:10Z" finished-at="2020-08-11T10:31:24Z">
          <reporter-output>
          </reporter-output>
        </test-method> <!-- launchBrowser -->
        <test-method status="PASS" signature="test()[pri:0, instance:org.testing.Testscripts.TC1@11758f2a]" name="test" duration-ms="33886" started-at="2020-08-11T10:31:24Z" finished-at="2020-08-11T10:31:58Z">
          <reporter-output>
          </reporter-output>
        </test-method> <!-- test -->
        <test-method status="PASS" signature="closebrowser()[pri:0, instance:org.testing.Testscripts.TC1@11758f2a]" name="closebrowser" is-config="true" duration-ms="1462" started-at="2020-08-11T10:31:58Z" finished-at="2020-08-11T10:31:59Z">
          <reporter-output>
          </reporter-output>
        </test-method> <!-- closebrowser -->
      </class> <!-- org.testing.Testscripts.TC1 -->
    </test> <!-- Default test -->
  </suite> <!-- Default suite -->
</testng-results>
